inicializando as 17:28 do dia 23/2

inicializando as 17:31 do dia 23/2

Por favor insira um nome para o terceiro
Por favor insira o endereco do terceiro
O numero de celular deve ser inserido
O numero de celular deve ser inserido
O numero de telefone deve ser inserido
O numero de telefone deve ser inserido
O email deve ser inserido
O email deve ser inserido
Tentou concluir cadastro com campos incorretos
Por favor insira um nome para o terceiro
Por favor insira o endereco do terceiro
O numero de celular deve ser inserido
O numero de celular deve ser inserido
O numero de telefone deve ser inserido
O numero de telefone deve ser inserido
O email deve ser inserido
O email deve ser inserido
Tentou concluir cadastro com campos incorretos
Por favor insira um nome para o terceiro
Por favor insira o endereco do terceiro
O numero de celular deve ser inserido
O numero de celular deve ser inserido
O numero de telefone deve ser inserido
O numero de telefone deve ser inserido
O email deve ser inserido
O email deve ser inserido
Tentou concluir cadastro com campos incorretos
Por favor insira um nome para o terceiro
Por favor insira o endereco do terceiro
O numero de celular deve ser inserido
O numero de celular deve ser inserido
O numero de telefone deve ser inserido
O numero de telefone deve ser inserido
O email deve ser inserido
O email deve ser inserido
Tentou concluir cadastro com campos incorretos
inicializando as 18:18 do dia 23/2

inicializando as 18:25 do dia 23/2

inicializando as 18:26 do dia 23/2

inicializando as 18:34 do dia 23/2

inicializando as 18:37 do dia 23/2

inicializando as 18:37 do dia 23/2

inicializando as 18:39 do dia 23/2

inicializando as 18:40 do dia 23/2

inicializando as 18:42 do dia 23/2

inicializando as 18:44 do dia 23/2

inicializando as 18:49 do dia 23/2

inicializando as 18:51 do dia 23/2

inicializando as 18:54 do dia 23/2

inicializando as 18:55 do dia 23/2

inicializando as 18:57 do dia 23/2

inicializando as 18:59 do dia 23/2

